U 200 200 blue
A 16 26

A 16 26

A 16 26

A 16 26

A 16 24
A 26 30

A 16 24
A 26 30

A 16 24
A 26 30

A 16 24
A 26 30

A 16 24
A 26 30

A 16 24
A 26 30

A 16 24
A 26 30

A 16 24
A 26 30

A 16 24
A 26 30

A 16 24
A 26 24
A 30 24

A 16 24
A 26 24
A 30 24

A 16 24
A 26 24
A 30 24

A 16 24
A 26 24
A 30 24

A 16 24
A 26 24
A 30 24

A 16 24
A 26 24
A 30 24

A 16 29
A 24 31
A 26 29
A 30 31

A 16 29
A 24 31
A 26 29
A 30 31

A 16 29
A 24 31
A 26 29
A 30 31

A 16 29
A 24 31
A 26 29
A 30 31

A 16 20
A 24 31
A 26 31
A 30 31

A 16 20
A 24 31
A 26 31
A 30 31

A 16 20
A 24 31
A 26 31
A 30 31

A 16 20
A 24 31
A 26 31
A 30 31

A 16 20
A 24 31
A 26 31
A 30 31

A 16 20
A 24 31
A 26 31
A 30 31

A 16 20
A 24 31
A 26 31
A 30 31

A 16 20
A 24 31
A 26 31
A 30 31

A 16 20
A 24 31
A 26 31
A 30 31

A 16 20
A 24 31
A 26 31
A 30 31

A 16 20
A 24 31
A 26 31
A 30 31

A 16 20
A 24 27
A 26 20
A 30 27
A 31 27

A 16 20
A 24 27
A 26 20
A 30 27
A 31 27

A 16 20
A 24 27
A 26 20
A 30 27
A 31 27

A 16 20
A 24 27
A 26 20
A 30 27
A 31 27

A 16 27
A 24 27
A 26 27
A 30 27
A 31 27

A 16 27
A 24 27
A 26 27
A 30 27
A 31 27

A 16 27
A 24 27
A 26 27
A 30 27
A 31 27

A 16 27
A 24 27
A 26 27
A 30 27
A 31 27

A 16 27
A 24 27
A 26 27
A 30 27
A 31 27

A 16 27
A 24 27
A 26 27
A 30 27
A 31 27

A 16 27
A 24 27
A 26 27
A 30 27
A 31 27

A 16 27
A 24 27
A 26 27
A 30 27
A 31 27

A 16 27
A 24 27
A 26 27
A 30 27
A 31 27

A 16 27
A 24 27
A 26 27
A 30 27
A 31 27

A 16 27
A 24 27
A 26 27
A 30 27
A 31 27

A 16 27
A 24 27
A 26 27
A 30 27
A 31 27

A 16 27
A 24 27
A 26 27
A 30 27
A 31 27

A 16 27
A 24 27
A 26 27
A 30 27
A 31 27

A 16 27
A 24 27
A 26 27
A 30 27
A 31 27

A 16 27
A 24 27
A 26 27
A 30 27
A 31 27

A 16 27
A 24 27
A 26 27
A 30 27
A 31 27

A 16 27
A 24 27
A 26 27
A 30 27
A 31 27

A 16 27
A 24 27
A 26 27
A 30 27
A 31 27

A 16 25
A 24 28
A 26 25
A 27 25
A 30 28
A 31 22

A 16 25
A 24 28
A 26 25
A 27 25
A 30 28
A 31 22

A 16 25
A 24 28
A 26 25
A 27 25
A 30 28
A 31 22

A 16 25
A 24 28
A 26 25
A 27 25
A 30 28
A 31 22

A 16 25
A 24 28
A 26 25
A 27 25
A 30 28
A 31 22

A 16 25
A 24 28
A 26 25
A 27 25
A 30 28
A 31 22

A 16 25
A 24 28
A 26 25
A 27 25
A 30 28
A 31 22

A 16 25
A 24 28
A 26 25
A 27 25
A 30 28
A 31 22

A 16 25
A 24 28
A 26 25
A 27 25
A 30 28
A 31 22

A 16 25
A 24 28
A 26 25
A 27 25
A 30 28
A 31 22

A 16 25
A 24 28
A 26 25
A 27 25
A 30 28
A 31 22

A 16 25
A 24 28
A 26 25
A 27 25
A 30 28
A 31 22

A 16 21
A 24 28
A 25 21
A 26 21
A 27 21
A 30 28
A 31 22

A 16 21
A 24 28
A 25 21
A 26 21
A 27 21
A 30 28
A 31 22

A 16 21
A 24 28
A 25 21
A 26 21
A 27 21
A 30 28
A 31 22

A 16 21
A 24 28
A 25 21
A 26 21
A 27 21
A 30 28
A 31 22

A 16 21
A 24 28
A 25 21
A 26 21
A 27 21
A 30 28
A 31 22

A 16 21
A 24 28
A 25 21
A 26 21
A 27 21
A 30 28
A 31 22

A 16 21
A 24 28
A 25 21
A 26 21
A 27 21
A 30 28
A 31 22

A 16 28
A 21 28
A 24 28
A 25 28
A 26 28
A 27 28
A 30 28
A 31 22

A 16 28
A 21 28
A 24 28
A 25 28
A 26 28
A 27 28
A 30 28
A 31 22

A 16 28
A 21 28
A 24 28
A 25 28
A 26 28
A 27 28
A 30 28
A 31 22

A 16 28
A 21 28
A 24 28
A 25 28
A 26 28
A 27 28
A 30 28
A 31 22

A 16 28
A 21 28
A 24 28
A 25 28
A 26 28
A 27 28
A 30 28
A 31 22

A 16 28
A 21 28
A 24 28
A 26 28
A 27 28
A 30 28
A 31 22

A 16 28
A 21 28
A 24 28
A 26 28
A 27 28
A 30 28
A 31 22

A 16 28
A 21 28
A 24 28
A 26 28
A 27 28
A 30 28
A 31 22

A 16 22
A 21 23
A 24 22
A 26 22
A 27 22
A 28 22
A 30 22
A 31 22

A 16 22
A 21 23
A 24 22
A 26 22
A 27 22
A 28 22
A 30 22
A 31 22

A 16 22
A 21 23
A 24 22
A 26 22
A 27 22
A 28 22
A 30 22
A 31 22

A 16 22
A 21 23
A 24 22
A 26 22
A 27 22
A 28 22
A 30 22
A 31 22

A 16 22
A 21 23
A 24 22
A 26 22
A 27 22
A 28 22
A 30 22
A 31 22

A 16 22
A 21 23
A 24 22
A 26 22
A 27 22
A 28 22
A 30 22
A 31 22

A 16 22
A 21 23
A 24 22
A 26 22
A 27 22
A 28 22
A 30 22
A 31 22

A 16 23
A 22 23
A 24 23
A 26 23
A 27 23
A 28 23
A 30 23
A 31 23

A 16 23
A 22 23
A 24 23
A 26 23
A 27 23
A 28 23
A 30 23
A 31 23

A 16 23
A 22 23
A 24 23
A 26 23
A 27 23
A 28 23
A 30 23
A 31 23

A 16 23
A 22 23
A 24 23
A 26 23
A 27 23
A 28 23
A 30 23
A 31 23

A 16 23
A 22 23
A 24 23
A 26 23
A 27 23
A 28 23
A 30 23
A 31 23

A 16 18
A 22 2
A 23 2
A 24 18
A 26 18
A 27 7
A 28 2
A 30 18
A 31 18

A 16 18
A 22 2
A 23 2
A 24 18
A 26 18
A 27 7
A 28 2
A 30 18
A 31 18

A 16 18
A 22 2
A 23 2
A 24 18
A 26 18
A 27 7
A 28 2
A 30 18
A 31 18

A 16 25
A 22 21
A 23 21
A 24 21
A 26 25
A 27 25
A 28 21
A 30 21
A 31 21

A 16 25
A 22 21
A 23 21
A 24 21
A 26 25
A 27 25
A 28 21
A 30 21
A 31 21

A 16 25
A 22 21
A 23 21
A 24 21
A 26 25
A 28 21
A 30 21
A 31 21

A 16 25
A 22 21
A 23 21
A 24 21
A 26 25
A 28 21
A 30 21
A 31 21

A 16 25
A 22 21
A 23 21
A 24 21
A 26 25
A 28 21
A 30 21
A 31 21

A 16 25
A 21 25
A 22 25
A 23 25
A 24 25
A 26 25
A 28 25
A 30 25
A 31 25

A 16 25
A 21 25
A 22 25
A 23 25
A 24 25
A 26 25
A 28 25
A 30 25
A 31 25

A 16 25
A 21 25
A 22 25
A 23 25
A 24 25
A 26 25
A 28 25
A 30 25
A 31 25

A 16 25
A 21 25
A 22 25
A 23 25
A 24 25
A 26 25
A 27 25
A 28 25
A 30 25
A 31 25

A 16 25
A 21 25
A 22 25
A 23 25
A 24 25
A 26 25
A 28 25
A 30 25
A 31 25

A 16 25
A 21 25
A 22 25
A 23 25
A 24 25
A 26 25
A 28 25
A 30 25
A 31 25

A 16 25
A 22 21
A 23 21
A 24 21
A 26 25
A 28 21
A 30 21
A 31 21

A 16 25
A 21 25
A 22 25
A 23 25
A 24 25
A 26 25
A 28 25
A 30 25
A 31 25

A 16 25
A 21 25
A 22 25
A 23 25
A 24 25
A 26 25
A 28 25
A 30 25
A 31 25

A 16 25
A 21 25
A 22 25
A 23 25
A 24 25
A 26 25
A 28 25
A 30 25
A 31 25

A 16 25
A 21 25
A 22 25
A 23 25
A 24 25
A 26 25
A 28 25
A 30 25
A 31 25

A 16 9
A 21 3
A 22 3
A 23 3
A 24 9
A 25 3
A 26 9
A 27 3
A 28 3
A 30 9
A 31 3

A 16 9
A 21 3
A 22 3
A 23 3
A 24 9
A 25 3
A 26 9
A 28 3
A 30 9
A 31 3

A 16 9
A 22 3
A 23 3
A 24 9
A 25 3
A 26 9
A 28 3
A 30 9
A 31 3

A 16 9
A 22 3
A 23 3
A 24 9
A 25 3
A 26 9
A 27 3
A 28 3
A 30 9
A 31 3

A 16 9
A 22 3
A 23 3
A 24 9
A 25 3
A 26 9
A 28 3
A 30 9
A 31 3

A 16 9
A 22 3
A 23 3
A 24 9
A 25 3
A 26 9
A 28 3
A 30 9
A 31 3

A 16 9
A 22 23
A 24 23
A 25 23
A 26 23
A 27 23
A 28 23
A 30 23
A 31 23

A 16 9
A 22 23
A 24 23
A 25 23
A 26 23
A 27 23
A 28 23
A 30 23
A 31 23

A 16 19
A 22 3
A 23 3
A 24 19
A 25 3
A 26 19
A 27 19
A 28 3
A 30 19
A 31 19

A 16 19
A 22 3
A 23 3
A 24 19
A 25 3
A 26 19
A 27 19
A 28 3
A 30 19
A 31 19

A 16 19
A 22 3
A 23 3
A 24 19
A 25 3
A 26 19
A 27 19
A 28 3
A 30 19
A 31 19

A 16 19
A 22 3
A 23 3
A 24 19
A 25 3
A 26 19
A 27 19
A 28 3
A 30 19
A 31 19

A 16 19
A 22 3
A 23 3
A 24 19
A 25 3
A 26 19
A 27 19
A 28 3
A 30 19
A 31 19

A 16 19
A 22 3
A 23 3
A 24 19
A 25 3
A 26 19
A 27 19
A 28 3
A 30 19
A 31 19

A 16 19
A 22 3
A 23 3
A 24 19
A 25 3
A 26 19
A 27 19
A 28 3
A 30 19
A 31 19

A 16 19
A 22 3
A 23 3
A 24 19
A 25 3
A 26 19
A 27 19
A 28 3
A 30 19
A 31 19

A 16 19
A 22 3
A 23 3
A 24 19
A 25 3
A 26 19
A 27 19
A 28 3
A 30 19
A 31 19

A 16 20
A 22 3
A 23 3
A 24 20
A 25 3
A 26 20
A 27 20
A 28 3
A 30 20
A 31 20

A 16 20
A 22 3
A 23 3
A 24 20
A 25 3
A 26 20
A 27 20
A 28 3
A 30 20
A 31 20

A 2 1
A 16 20
A 22 3
A 23 3
A 24 20
A 25 3
A 26 20
A 27 20
A 28 3
A 30 20
A 31 20

A 2 1
A 16 20
A 22 3
A 23 3
A 24 20
A 25 3
A 26 20
A 27 20
A 28 3
A 30 20
A 31 20

A 2 1
A 16 20
A 22 23
A 24 20
A 26 20
A 27 20
A 28 23
A 30 20
A 31 23

A 2 1
A 16 29
A 22 23
A 24 29
A 26 29
A 27 29
A 28 23
A 30 29
A 31 29

A 2 1
A 3 4
A 16 29
A 22 4
A 23 4
A 24 29
A 26 29
A 27 29
A 28 4
A 30 29
A 31 29

A 2 1
A 3 4
A 16 29
A 22 4
A 23 4
A 24 29
A 26 29
A 27 29
A 28 4
A 30 29
A 31 29

A 2 1
A 3 4
A 16 29
A 22 4
A 23 4
A 24 29
A 26 29
A 27 29
A 28 4
A 30 29
A 31 29

A 2 1
A 3 4
A 16 29
A 22 4
A 23 4
A 24 29
A 26 29
A 27 29
A 28 4
A 30 29
A 31 29

A 3 4
A 16 29
A 22 4
A 23 4
A 24 29
A 26 29
A 27 29
A 28 4
A 30 29
A 31 29

A 3 4
A 22 4
A 23 4
A 24 29
A 26 29
A 27 29
A 28 4
A 30 29
A 31 29

A 3 4
A 22 4
A 23 4
A 24 29
A 25 4
A 26 29
A 27 29
A 28 4
A 30 29
A 31 29

A 3 4
A 22 4
A 23 4
A 24 29
A 26 29
A 27 29
A 28 4
A 30 29
A 31 29

A 2 1
A 3 4
A 22 4
A 23 4
A 24 29
A 26 29
A 27 29
A 28 4
A 30 29
A 31 29

A 3 1
A 4 13
A 22 29
A 23 1
A 24 29
A 26 29
A 27 29
A 28 29
A 30 29
A 31 29

A 3 1
A 4 13
A 22 20
A 23 1
A 24 20
A 26 20
A 27 20
A 28 20
A 29 20
A 30 20
A 31 20

A 3 1
A 4 13
A 22 20
A 23 1
A 24 20
A 26 20
A 27 20
A 28 20
A 29 20
A 30 20
A 31 20

A 3 1
A 4 13
A 20 17
A 22 1
A 23 1
A 24 17
A 26 17
A 27 19
A 28 1
A 30 17
A 31 17

A 3 1
A 4 13
A 20 17
A 22 1
A 23 1
A 24 17
A 26 17
A 27 19
A 28 1
A 30 17
A 31 17

A 3 1
A 4 13
A 20 17
A 22 1
A 23 1
A 24 17
A 26 17
A 27 17
A 28 1
A 30 17
A 31 17

A 3 1
A 4 1
A 13 1
A 20 17
A 22 16
A 23 1
A 24 16
A 26 16
A 27 16
A 28 16
A 30 16
A 31 16

A 2 1
A 3 1
A 4 1
A 13 1
A 20 17
A 22 16
A 23 1
A 24 16
A 27 16
A 28 16
A 30 16
A 31 16

A 3 1
A 4 1
A 13 1
A 20 29
A 22 16
A 23 1
A 24 16
A 27 16
A 28 16
A 30 16
A 31 16

A 3 1
A 4 1
A 13 1
A 22 16
A 23 1
A 24 16
A 27 16
A 28 16
A 30 16
A 31 16

A 1 0
A 2 0
A 3 0
A 4 0
A 22 16
A 23 16
A 24 16
A 27 16
A 28 16
A 30 16
A 31 16

A 1 0
A 3 0
A 4 0
A 22 16
A 23 16
A 24 26
A 27 16
A 28 16
A 30 26
A 31 26

A 1 0
A 2 0
A 3 0
A 4 0
A 17 29
A 22 16
A 23 16
A 27 16
A 28 16
A 30 26
A 31 26

A 1 0
A 3 0
A 4 0
A 17 29
A 22 16
A 23 16
A 27 16
A 28 16
A 31 26

A 1 0
A 2 21
A 3 21
A 4 0
A 17 29
A 22 21
A 23 21
A 27 21
A 28 21
A 31 26

A 1 0
A 2 21
A 3 21
A 4 0
A 17 29
A 22 21
A 23 21
A 27 21
A 28 21
A 31 26

A 1 0
A 2 21
A 3 21
A 4 0
A 17 20
A 22 21
A 23 21
A 26 16
A 27 21
A 28 21
A 29 20
A 31 16

A 1 0
A 2 21
A 3 21
A 4 0
A 17 20
A 22 21
A 23 21
A 27 21
A 28 21
A 29 20
A 31 16

A 1 4
A 2 4
A 3 4
A 17 20
A 22 21
A 23 21
A 27 21
A 28 21
A 31 16

A 1 4
A 2 4
A 3 4
A 17 20
A 22 21
A 23 21
A 27 21
A 28 21
A 31 26

A 1 4
A 2 4
A 3 4
A 17 20
A 21 24
A 22 24
A 23 4
A 27 24
A 28 24
A 31 24

A 1 0
A 2 0
A 3 0
A 4 0
A 21 24
A 22 24
A 23 24
A 27 24
A 28 24
A 31 24

A 1 0
A 2 0
A 4 0
A 20 29
A 21 24
A 22 24
A 23 24
A 27 24
A 28 24
A 31 24

A 1 0
A 2 0
A 3 0
A 4 0
A 20 29
A 21 24
A 22 24
A 27 24
A 28 24
A 31 24

A 1 4
A 2 4
A 20 29
A 21 24
A 22 24
A 23 4
A 27 24
A 28 24

A 0 10
A 1 10
A 2 10
A 3 10
A 4 10
A 16 26
A 21 24
A 22 24
A 25 24
A 27 24
A 28 24

A 0 10
A 1 13
A 2 13
A 4 13
A 21 24
A 22 24
A 23 24
A 27 24
A 28 24

A 0 10
A 1 13
A 2 13
A 3 13
A 4 13
A 21 24
A 22 24
A 27 24
A 28 24
A 29 26

A 0 10
A 1 13
A 2 13
A 3 13
A 4 13
A 21 24
A 22 24
A 23 24
A 25 24
A 26 30
A 27 24
A 28 24
A 29 24

A 0 8
A 1 13
A 2 13
A 3 13
A 4 13
A 10 14
A 21 24
A 22 24
A 27 24
A 28 24
A 29 24

A 0 8
A 1 13
A 2 13
A 3 13
A 4 13
A 10 14
A 21 24
A 22 24
A 23 24
A 25 24
A 27 24
A 28 24
A 29 24

A 0 8
A 1 8
A 2 14
A 3 11
A 4 8
A 10 14
A 13 8
A 21 24
A 22 24
A 27 24
A 28 24
A 29 20

A 0 8
A 1 8
A 2 14
A 3 11
A 4 8
A 10 14
A 13 8
A 21 24
A 22 24
A 23 24
A 27 24
A 28 24
A 29 20

A 0 8
A 1 8
A 2 14
A 3 11
A 4 8
A 13 8
A 21 24
A 22 24
A 25 24
A 27 24
A 28 24

A 0 8
A 1 8
A 2 8
A 3 11
A 4 8
A 13 8
A 14 8
A 21 24
A 22 24
A 23 24
A 27 24
A 28 24

A 0 10
A 1 4
A 2 4
A 3 4
A 14 8
A 21 24
A 22 31
A 25 4
A 27 24
A 28 31

A 0 10
A 1 4
A 2 4
A 3 4
A 8 10
A 14 10
A 21 24
A 22 31
A 23 31
A 25 4
A 28 31

A 0 10
A 1 4
A 2 4
A 3 4
A 8 10
A 21 24
A 22 31
A 25 4
A 28 31

A 0 11
A 1 11
A 2 11
A 3 11
A 4 11
A 8 15
A 10 15
A 21 24
A 22 31
A 23 31
A 25 24
A 28 31

A 0 11
A 1 11
A 2 11
A 3 11
A 4 11
A 8 15
A 10 15
A 14 15
A 21 24
A 22 31
A 25 24
A 28 31

A 0 11
A 1 11
A 2 11
A 3 11
A 4 11
A 8 15
A 10 15
A 21 24
A 22 31
A 23 31
A 25 24
A 28 31

A 1 11
A 2 11
A 3 11
A 4 11
A 8 15
A 10 15
A 14 15
A 16 26
A 21 24
A 22 31
A 25 24
A 28 31

A 0 13
A 1 13
A 2 13
A 3 13
A 4 13
A 8 15
A 10 13
A 16 26
A 21 24
A 22 31
A 23 31
A 25 24
A 28 31

A 1 13
A 2 13
A 3 13
A 4 13
A 8 15
A 10 13
A 14 15
A 16 26
A 21 24
A 22 31
A 25 24
A 28 31

A 1 13
A 2 13
A 3 13
A 4 13
A 8 15
A 10 13
A 16 26
A 21 24
A 22 31
A 23 31
A 25 24
A 28 31

A 1 13
A 2 13
A 3 13
A 4 13
A 8 15
A 10 13
A 14 15
A 21 31
A 22 31
A 24 30
A 25 13
A 26 30
A 28 31

A 1 13
A 2 13
A 3 13
A 4 13
A 8 15
A 21 31
A 22 31
A 23 31
A 24 30
A 25 13
A 26 30
A 28 31

A 0 13
A 1 13
A 2 13
A 3 13
A 4 13
A 8 15
A 14 15
A 21 31
A 22 31
A 24 30
A 25 13
A 26 30
A 28 31

A 0 13
A 1 13
A 2 13
A 3 13
A 4 13
A 10 13
A 14 15
A 21 31
A 22 31
A 23 31
A 24 30
A 25 13
A 26 30
A 28 31

A 0 10
A 1 10
A 2 10
A 3 10
A 4 10
A 13 10
A 14 10
A 21 31
A 22 31
A 24 31
A 25 20
A 26 29
A 28 31
A 30 31

A 1 0
A 2 0
A 3 0
A 4 0
A 13 0
A 14 10
A 15 10
A 21 31
A 22 31
A 23 31
A 24 31
A 25 20
A 26 29
A 28 31
A 30 31

A 2 0
A 3 0
A 4 0
A 13 0
A 14 10
A 15 10
A 21 31
A 22 31
A 24 31
A 25 20
A 26 29
A 28 31
A 30 31

A 2 0
A 3 0
A 4 0
A 10 0
A 13 0
A 14 0
A 15 0
A 21 31
A 22 31
A 23 31
A 24 31
A 25 20
A 26 29
A 28 31
A 30 31

A 2 0
A 3 0
A 4 0
A 10 0
A 13 0
A 14 0
A 15 0
A 21 31
A 22 31
A 24 31
A 25 20
A 26 29
A 28 31
A 30 31

A 2 0
A 3 0
A 4 0
A 10 0
A 13 0
A 14 0
A 15 0
A 21 31
A 22 31
A 23 31
A 24 31
A 25 20
A 26 29
A 28 31
A 30 31

A 1 0
A 2 0
A 3 0
A 4 0
A 10 0
A 13 0
A 14 0
A 15 0
A 21 31
A 22 31
A 24 31
A 25 20
A 26 29
A 28 31
A 30 31

A 0 10
A 2 10
A 3 10
A 4 10
A 11 9
A 13 10
A 14 10
A 15 10
A 21 31
A 22 31
A 23 31
A 24 31
A 25 20
A 26 29
A 28 31
A 30 31

A 0 10
A 2 10
A 3 10
A 4 10
A 11 9
A 13 10
A 14 10
A 15 10
A 21 31
A 22 31
A 24 31
A 25 20
A 26 29
A 28 31
A 30 31

A 0 10
A 2 10
A 3 10
A 4 10
A 11 9
A 13 10
A 14 10
A 15 10
A 21 31
A 22 31
A 23 31
A 24 31
A 25 20
A 26 29
A 28 31
A 30 31

A 0 10
A 2 10
A 3 10
A 4 10
A 11 9
A 13 10
A 14 10
A 15 10
A 22 31
A 24 31
A 25 20
A 26 29
A 28 31
A 30 31

A 0 9
A 1 9
A 2 27
A 3 27
A 4 9
A 10 9
A 11 9
A 13 9
A 14 12
A 21 27
A 22 27
A 23 27
A 24 31
A 25 27
A 26 31
A 28 27
A 30 31

A 0 9
A 2 27
A 3 27
A 4 9
A 10 9
A 11 9
A 13 9
A 14 12
A 22 27
A 24 16
A 25 27
A 26 16
A 28 27
A 30 16
A 31 16

A 0 9
A 2 27
A 3 27
A 4 9
A 10 9
A 13 9
A 14 12
A 22 27
A 23 27
A 24 16
A 28 27
A 30 16
A 31 16

A 0 9
A 2 27
A 3 27
A 4 9
A 10 9
A 13 9
A 14 12
A 22 27
A 24 16
A 28 27
A 30 16
A 31 16

A 0 9
A 2 27
A 3 27
A 4 9
A 10 9
A 13 9
A 14 12
A 22 27
A 23 27
A 24 16
A 28 27
A 30 16
A 31 16

A 0 9
A 1 9
A 2 27
A 3 27
A 4 9
A 10 9
A 13 9
A 14 12
A 15 6
A 21 27
A 22 27
A 24 16
A 28 27
A 30 16
A 31 16

A 0 5
A 2 27
A 3 27
A 4 27
A 9 5
A 10 5
A 13 5
A 14 12
A 22 27
A 23 27
A 24 26
A 28 27
A 30 26
A 31 26

A 0 14
A 2 14
A 3 27
A 4 14
A 9 5
A 10 14
A 13 14
A 22 27
A 28 27
A 31 26

A 0 14
A 2 14
A 3 27
A 4 14
A 9 5
A 10 14
A 13 14
A 22 27
A 23 27
A 28 27
A 31 26

A 0 14
A 2 14
A 3 27
A 4 14
A 9 5
A 10 14
A 13 14
A 22 27
A 28 27
A 31 26

A 0 14
A 1 14
A 2 14
A 3 27
A 4 14
A 9 5
A 10 14
A 11 5
A 13 14
A 21 27
A 22 27
A 23 27
A 28 27
A 31 26

A 0 5
A 2 27
A 3 27
A 4 27
A 9 5
A 10 5
A 13 5
A 14 12
A 22 27
A 28 27
A 31 30

A 0 12
A 2 27
A 3 27
A 4 27
A 5 12
A 9 12
A 10 12
A 13 12
A 14 12
A 15 6
A 22 27
A 23 27
A 28 27
A 31 30

A 0 12
A 2 25
A 3 25
A 4 25
A 5 12
A 9 12
A 10 12
A 13 25
A 14 12
A 22 25
A 28 25
A 31 30

A 0 12
A 2 25
A 3 25
A 4 25
A 5 12
A 9 12
A 10 12
A 13 25
A 14 12
A 22 25
A 23 25
A 28 25
A 31 24

A 0 12
A 1 25
A 2 25
A 3 25
A 4 25
A 5 12
A 8 12
A 9 12
A 10 12
A 13 25
A 14 12
A 22 25
A 28 25
A 31 24

A 0 12
A 2 25
A 3 25
A 4 25
A 5 12
A 9 12
A 10 12
A 13 25
A 14 12
A 22 25
A 23 25
A 28 25
A 31 24

A 0 12
A 2 25
A 3 25
A 4 25
A 5 12
A 9 12
A 10 12
A 11 12
A 13 25
A 14 12
A 22 25
A 28 25

A 0 12
A 2 25
A 3 25
A 4 25
A 5 12
A 9 12
A 10 12
A 13 25
A 14 12
A 15 6
A 22 25
A 23 25
A 28 25

A 0 6
A 2 25
A 3 25
A 4 25
A 5 7
A 9 7
A 10 6
A 12 6
A 13 25
A 14 6
A 22 25
A 28 25

A 0 6
A 1 25
A 2 21
A 3 25
A 4 25
A 5 7
A 9 7
A 10 6
A 11 6
A 12 6
A 13 25
A 14 6
A 22 21
A 23 21
A 28 21

A 0 5
A 2 21
A 3 25
A 4 25
A 8 5
A 9 5
A 10 5
A 11 5
A 12 5
A 13 25
A 14 5
A 22 21
A 27 25

A 0 6
A 2 21
A 3 25
A 4 25
A 5 7
A 9 7
A 10 6
A 11 6
A 12 6
A 13 25
A 14 6
A 15 6
A 22 21
A 23 21
A 26 16
A 27 25

A 0 11
A 2 21
A 3 25
A 4 11
A 5 7
A 8 11
A 9 11
A 10 11
A 12 6
A 13 11
A 14 11
A 16 24
A 20 17
A 22 21
A 26 24
A 27 25
A 30 24

A 0 11
A 2 21
A 3 25
A 4 11
A 5 7
A 8 11
A 9 11
A 10 11
A 12 6
A 14 11
A 15 11
A 16 24
A 20 17
A 22 21
A 23 21
A 26 24
A 27 25
A 30 24

A 0 11
A 1 11
A 2 21
A 3 25
A 4 11
A 5 7
A 8 11
A 9 11
A 10 11
A 12 6
A 13 11
A 14 11
A 15 11
A 16 24
A 20 17
A 22 21
A 26 24
A 27 25
A 30 24

A 0 11
A 2 21
A 3 25
A 4 11
A 5 7
A 8 11
A 9 11
A 10 11
A 12 6
A 14 11
A 15 11
A 16 17
A 22 21
A 23 21
A 24 17
A 26 17
A 27 25

A 0 11
A 2 21
A 3 25
A 4 11
A 5 7
A 6 7
A 8 11
A 9 11
A 10 11
A 12 7
A 14 11
A 15 11
A 16 17
A 22 21
A 24 17
A 26 17
A 27 25

A 0 11
A 2 21
A 3 25
A 4 11
A 6 12
A 8 11
A 9 5
A 10 11
A 13 11
A 14 11
A 15 11
A 16 30
A 22 21
A 23 21
A 24 30
A 26 30
A 27 25

A 0 11
A 2 21
A 3 25
A 4 11
A 6 12
A 8 11
A 9 5
A 10 11
A 14 11
A 15 11
A 16 30
A 22 28
A 24 30
A 26 30
A 27 25

A 0 11
A 1 11
A 2 21
A 3 25
A 4 11
A 6 12
A 8 11
A 9 5
A 10 11
A 14 11
A 15 11
A 16 30
A 22 28
A 24 30
A 26 30
A 27 25

A 0 11
A 2 21
A 3 25
A 4 11
A 6 12
A 7 12
A 8 11
A 9 5
A 10 11
A 13 11
A 14 11
A 15 11
A 16 29
A 24 31
A 26 29
A 27 25
A 30 31

A 0 11
A 2 28
A 3 28
A 4 11
A 6 5
A 7 5
A 8 11
A 9 5
A 10 11
A 12 5
A 14 11
A 15 11
A 16 29
A 21 28
A 25 28
A 26 29
A 27 28
A 30 31

A 0 11
A 2 28
A 3 28
A 4 11
A 6 5
A 7 5
A 8 11
A 9 5
A 10 11
A 12 5
A 14 11
A 15 11
A 21 28
A 25 28
A 26 29
A 27 28
A 30 31

A 0 19
A 2 28
A 3 28
A 4 28
A 5 19
A 6 19
A 7 19
A 8 19
A 9 19
A 10 19
A 11 19
A 12 19
A 13 28
A 14 19
A 15 19
A 21 28
A 25 28
A 26 29
A 27 28
A 30 31

A 0 19
A 1 28
A 2 28
A 3 28
A 4 28
A 5 19
A 6 19
A 7 19
A 8 19
A 10 19
A 11 19
A 12 19
A 14 19
A 15 19
A 21 28
A 22 28
A 23 28
A 25 28
A 26 29
A 27 28
A 30 31

A 0 19
A 2 28
A 3 28
A 4 28
A 5 19
A 6 19
A 7 19
A 8 19
A 10 19
A 11 19
A 12 19
A 14 19
A 15 19
A 21 28
A 25 28
A 26 29
A 27 28
A 30 31

A 0 19
A 2 28
A 3 28
A 4 28
A 5 19
A 6 19
A 7 19
A 8 19
A 10 19
A 11 19
A 12 19
A 13 28
A 14 19
A 15 19
A 21 28
A 25 28
A 26 29
A 27 28
A 30 31

A 0 21
A 2 21
A 3 21
A 4 21
A 5 19
A 6 19
A 7 19
A 8 21
A 10 21
A 11 19
A 12 19
A 14 21
A 15 19
A 22 28
A 25 21
A 26 29
A 27 21
A 30 31

A 0 21
A 2 21
A 3 21
A 4 21
A 5 19
A 6 19
A 7 19
A 8 21
A 9 19
A 10 21
A 11 19
A 12 19
A 14 21
A 15 19
A 22 28
A 23 28
A 25 21
A 26 29
A 27 21
A 30 31

A 0 21
A 1 21
A 2 21
A 3 21
A 4 21
A 5 19
A 6 19
A 7 19
A 8 21
A 10 21
A 11 19
A 12 19
A 13 21
A 14 21
A 15 19
A 22 21
A 25 21
A 26 29
A 27 21
A 28 21
A 30 31

A 0 21
A 2 21
A 3 21
A 4 21
A 5 19
A 6 19
A 7 19
A 8 21
A 10 21
A 11 19
A 12 19
A 14 21
A 15 19
A 22 21
A 25 21
A 26 31
A 27 21
A 28 21
A 29 20
A 30 31

A 0 21
A 2 21
A 3 21
A 4 21
A 5 19
A 6 19
A 7 19
A 8 21
A 10 21
A 11 19
A 12 19
A 14 21
A 15 19
A 22 21
A 25 21
A 26 31
A 27 21
A 28 21
A 29 20
A 30 31

A 0 21
A 2 21
A 3 21
A 4 21
A 5 19
A 6 19
A 8 21
A 10 21
A 11 19
A 12 19
A 13 21
A 14 21
A 15 19
A 17 20
A 22 21
A 25 21
A 26 24
A 27 21
A 28 21
A 29 20
A 30 24
A 31 24

A 0 19
A 2 24
A 3 20
A 4 20
A 5 19
A 6 19
A 7 19
A 8 19
A 10 19
A 11 19
A 12 19
A 14 19
A 15 19
A 17 20
A 21 24
A 22 24
A 23 24
A 25 24
A 26 24
A 27 24
A 28 24
A 31 24

A 0 19
A 1 20
A 2 24
A 3 20
A 4 20
A 5 19
A 6 19
A 8 19
A 9 19
A 10 19
A 11 19
A 12 19
A 14 19
A 15 19
A 17 20
A 21 24
A 22 24
A 25 24
A 26 24
A 27 24
A 28 24
A 31 24

A 0 19
A 2 24
A 3 16
A 4 19
A 5 19
A 6 19
A 7 19
A 8 19
A 10 19
A 11 19
A 12 19
A 13 19
A 14 19
A 15 19
A 17 19
A 20 19
A 21 24
A 22 24
A 23 24
A 25 24
A 26 16
A 27 24
A 28 24
A 31 24

A 0 19
A 2 24
A 3 16
A 4 19
A 5 19
A 6 19
A 8 19
A 10 19
A 11 19
A 12 19
A 14 19
A 15 19
A 17 19
A 20 19
A 21 24
A 22 24
A 25 24
A 27 24
A 28 24
A 31 24

A 0 19
A 2 24
A 3 16
A 4 19
A 5 19
A 6 19
A 7 19
A 8 19
A 10 19
A 11 19
A 12 19
A 14 19
A 15 19
A 17 19
A 20 19
A 21 24
A 22 24
A 23 24
A 25 24
A 27 24
A 28 24
A 31 24

A 0 19
A 2 24
A 3 16
A 4 19
A 5 19
A 6 19
A 8 19
A 9 19
A 10 19
A 11 19
A 12 19
A 13 19
A 14 19
A 15 19
A 17 19
A 20 19
A 21 24
A 22 24
A 25 24
A 27 24
A 28 24
A 31 24

A 0 19
A 1 19
A 2 24
A 3 16
A 4 19
A 5 19
A 6 19
A 7 19
A 8 19
A 10 19
A 11 19
A 12 19
A 14 19
A 15 19
A 17 19
A 20 19
A 21 24
A 22 24
A 23 24
A 25 24
A 27 24
A 28 24
A 29 16
A 31 24

A 0 19
A 2 24
A 3 16
A 4 19
A 5 19
A 6 19
A 8 19
A 10 19
A 11 19
A 12 19
A 14 19
A 15 19
A 17 19
A 20 19
A 21 24
A 22 24
A 25 24
A 27 24
A 28 24
A 31 24

A 0 19
A 2 24
A 3 16
A 4 19
A 5 19
A 6 19
A 7 19
A 8 19
A 10 19
A 11 19
A 12 19
A 13 19
A 14 19
A 15 19
A 17 19
A 20 19
A 21 24
A 22 24
A 23 24
A 25 24
A 27 24
A 28 24

A 0 19
A 2 24
A 3 16
A 4 19
A 5 19
A 6 19
A 8 19
A 9 19
A 10 19
A 11 19
A 12 19
A 14 19
A 15 19
A 17 19
A 20 19
A 21 24
A 22 24
A 25 24
A 27 24
A 28 24

A 0 16
A 2 24
A 3 16
A 4 16
A 6 16
A 7 16
A 8 16
A 10 16
A 11 16
A 12 16
A 14 16
A 15 16
A 17 16
A 19 16
A 20 16
A 21 24
A 22 24
A 23 24
A 25 24
A 27 24
A 28 24

A 0 16
A 1 16
A 2 16
A 3 16
A 4 16
A 6 16
A 8 16
A 10 16
A 11 16
A 12 16
A 13 16
A 14 16
A 15 16
A 17 16
A 19 16
A 20 16
A 21 16
A 22 30
A 24 30
A 25 16
A 27 16
A 28 30

A 0 16
A 2 16
A 3 16
A 4 16
A 6 16
A 7 16
A 8 16
A 9 16
A 10 16
A 11 16
A 12 16
A 14 16
A 15 16
A 17 16
A 19 16
A 20 16
A 21 16
A 22 30
A 23 30
A 24 30
A 25 16
A 27 16
A 28 30

A 0 16
A 2 16
A 3 16
A 4 16
A 6 16
A 8 16
A 10 16
A 11 16
A 12 16
A 14 16
A 15 16
A 17 16
A 19 16
A 20 16
A 21 16
A 22 30
A 24 30
A 25 16
A 27 16
A 28 30

A 0 16
A 2 16
A 3 16
A 4 16
A 5 16
A 6 16
A 7 16
A 8 16
A 9 16
A 10 16
A 11 16
A 12 16
A 13 16
A 14 16
A 15 16
A 17 16
A 19 16
A 20 16
A 21 16
A 22 30
A 23 30
A 24 30
A 25 16
A 27 16
A 28 30

A 0 16
A 2 16
A 3 16
A 4 16
A 6 16
A 8 16
A 10 16
A 11 16
A 12 16
A 14 16
A 15 16
A 17 16
A 19 16
A 20 16
A 21 16
A 22 16
A 24 26
A 25 16
A 27 16
A 28 16
A 30 26

A 0 29
A 1 29
A 2 16
A 3 16
A 4 29
A 6 29
A 7 29
A 8 29
A 9 29
A 10 29
A 11 29
A 12 29
A 14 29
A 15 29
A 17 29
A 19 29
A 20 29
A 21 16
A 22 16
A 23 16
A 24 26
A 25 16
A 27 16
A 28 16
A 30 26

A 0 29
A 2 16
A 3 16
A 4 29
A 6 29
A 8 29
A 9 29
A 10 29
A 11 29
A 12 29
A 13 29
A 14 29
A 15 29
A 17 29
A 19 29
A 21 16
A 22 16
A 24 26
A 25 16
A 27 16
A 28 16
A 30 26

A 0 29
A 2 16
A 3 16
A 4 29
A 6 29
A 7 29
A 8 29
A 9 29
A 10 29
A 11 29
A 12 29
A 14 29
A 15 29
A 17 29
A 19 29
A 21 16
A 22 16
A 23 16
A 24 26
A 25 16
A 27 16
A 28 16
A 30 26

A 0 29
A 2 16
A 3 16
A 4 29
A 5 29
A 6 29
A 8 29
A 9 29
A 10 29
A 11 29
A 12 29
A 14 29
A 15 29
A 17 29
A 19 29
A 21 16
A 22 16
A 24 16
A 25 16
A 26 16
A 27 16
A 28 16
A 30 16

A 0 29
A 2 16
A 3 16
A 4 29
A 6 29
A 7 29
A 8 29
A 9 29
A 10 29
A 11 29
A 12 29
A 13 29
A 14 29
A 15 29
A 17 29
A 19 29
A 21 16
A 22 16
A 23 16
A 24 16
A 25 16
A 26 16
A 27 16
A 28 16
A 30 16

A 0 29
A 1 29
A 2 31
A 3 16
A 4 29
A 6 29
A 8 29
A 9 29
A 10 29
A 11 29
A 12 29
A 14 29
A 15 29
A 17 29
A 19 29
A 21 31
A 22 31
A 24 16
A 25 16
A 26 16
A 27 16
A 28 31
A 30 16

A 0 20
A 2 31
A 3 20
A 4 20
A 6 20
A 7 20
A 8 20
A 9 20
A 10 20
A 11 20
A 12 20
A 14 20
A 15 20
A 17 29
A 19 20
A 21 31
A 22 31
A 23 31
A 24 16
A 25 16
A 26 16
A 27 16
A 28 31
A 30 16

A 0 20
A 2 31
A 3 20
A 4 20
A 6 20
A 8 20
A 9 20
A 10 20
A 11 20
A 12 20
A 13 20
A 14 20
A 15 20
A 16 29
A 19 20
A 21 31
A 22 31
A 24 31
A 25 20
A 26 29
A 27 29
A 28 31
A 30 31

A 0 20
A 2 31
A 3 20
A 4 20
A 5 20
A 6 20
A 7 20
A 8 20
A 9 20
A 10 20
A 11 20
A 12 20
A 14 20
A 15 20
A 16 29
A 19 20
A 21 31
A 22 31
A 23 31
A 24 31
A 25 20
A 26 29
A 27 29
A 28 31
A 30 31

A 0 20
A 2 31
A 3 20
A 4 20
A 6 20
A 8 20
A 9 20
A 10 20
A 11 20
A 12 20
A 14 20
A 15 20
A 16 29
A 19 20
A 21 31
A 22 31
A 24 31
A 25 20
A 26 29
A 27 29
A 28 31
A 30 31

A 0 20
A 1 20
A 2 31
A 3 20
A 4 20
A 6 20
A 7 20
A 8 20
A 9 20
A 10 20
A 11 20
A 12 20
A 13 20
A 14 20
A 15 20
A 16 29
A 19 20
A 21 31
A 22 31
A 23 31
A 24 31
A 25 20
A 26 29
A 27 29
A 28 31
A 30 31

A 0 20
A 2 31
A 3 20
A 4 20
A 6 20
A 8 20
A 9 20
A 10 20
A 11 20
A 12 20
A 14 20
A 15 20
A 16 29
A 19 20
A 21 31
A 22 31
A 24 31
A 25 20
A 26 29
A 27 29
A 28 31
A 30 31

A 0 20
A 2 31
A 3 20
A 4 20
A 6 20
A 7 20
A 8 20
A 9 20
A 10 20
A 11 20
A 12 20
A 14 20
A 15 20
A 16 20
A 19 20
A 21 31
A 22 31
A 23 31
A 24 31
A 25 20
A 26 31
A 27 20
A 28 31
A 29 20
A 30 31

A 0 20
A 2 31
A 3 20
A 4 20
A 5 20
A 6 20
A 8 20
A 9 20
A 10 20
A 11 20
A 12 20
A 13 20
A 14 20
A 15 20
A 16 20
A 19 20
A 21 31
A 22 31
A 24 31
A 25 20
A 26 31
A 27 20
A 28 31
A 29 20
A 30 31

A 0 17
A 2 31
A 3 31
A 4 17
A 6 17
A 7 17
A 8 17
A 9 17
A 10 17
A 11 17
A 12 17
A 14 17
A 15 17
A 16 17
A 19 17
A 20 17
A 21 31
A 22 31
A 23 31
A 24 31
A 25 31
A 26 31
A 27 31
A 28 31
A 29 17
A 30 31

A 0 17
A 1 17
A 2 31
A 3 31
A 4 17
A 6 17
A 8 17
A 9 17
A 10 17
A 11 17
A 12 17
A 14 17
A 15 17
A 16 17
A 19 17
A 20 17
A 21 31
A 22 31
A 24 31
A 25 31
A 26 31
A 27 31
A 28 31
A 29 17
A 30 31

A 0 17
A 2 31
A 3 31
A 4 17
A 6 17
A 7 17
A 8 17
A 9 17
A 10 17
A 11 17
A 12 17
A 13 17
A 14 17
A 15 17
A 16 17
A 19 17
A 20 17
A 21 31
A 22 31
A 23 31
A 24 31
A 25 31
A 26 31
A 27 31
A 28 31
A 29 17
A 30 31

A 0 17
A 2 31
A 3 31
A 4 17
A 6 17
A 8 17
A 9 17
A 10 17
A 11 17
A 12 17
A 14 17
A 15 17
A 16 17
A 19 17
A 20 17
A 21 31
A 22 31
A 24 31
A 25 31
A 26 31
A 27 31
A 28 31
A 29 17
A 30 31

A 0 17
A 2 31
A 3 31
A 4 17
A 5 17
A 6 17
A 7 17
A 8 17
A 9 17
A 10 17
A 11 17
A 12 17
A 14 17
A 15 17
A 16 17
A 19 17
A 20 17
A 21 31
A 22 31
A 23 31
A 24 31
A 25 31
A 26 31
A 27 31
A 28 31
A 29 17
A 30 31

A 0 17
A 2 31
A 3 31
A 4 17
A 6 17
A 8 17
A 9 17
A 10 17
A 11 17
A 12 17
A 13 17
A 14 17
A 15 17
A 16 17
A 19 17
A 20 17
A 21 31
A 22 31
A 24 31
A 25 31
A 26 31
A 27 31
A 28 31
A 29 17
A 30 31

A 0 17
A 1 17
A 2 17
A 3 17
A 4 17
A 6 17
A 7 17
A 8 17
A 9 17
A 10 17
A 11 17
A 12 17
A 14 17
A 15 17
A 16 17
A 19 17
A 20 17
A 21 17
A 22 17
A 23 17
A 24 17
A 25 17
A 26 17
A 27 17
A 28 17
A 29 17
A 30 17
A 31 17


A 0 29
A 2 29
A 3 29
A 4 29
A 6 29
A 7 29
A 8 29
A 9 29
A 10 29
A 11 29
A 12 29
A 13 29
A 14 29
A 15 29
A 16 29
A 17 29
A 19 29
A 20 29
A 21 29
A 22 29
A 23 29
A 24 29
A 25 29
A 26 29
A 27 29
A 28 29
A 30 29
A 31 29

A 0 29
A 2 29
A 3 29
A 4 29
A 5 29
A 6 29
A 8 29
A 9 29
A 10 29
A 11 29
A 12 29
A 14 29
A 15 29
A 16 29
A 17 29
A 19 29
A 20 29
A 21 29
A 22 29
A 24 29
A 25 29
A 26 29
A 27 29
A 28 29
A 30 29
A 31 29

A 0 29
A 2 29
A 3 29
A 4 29
A 6 29
A 7 29
A 8 29
A 9 29
A 10 29
A 11 29
A 12 29
A 14 29
A 15 29
A 16 29
A 17 29
A 19 29
A 20 29
A 21 29
A 22 29
A 23 29
A 24 29
A 25 29
A 26 29
A 27 29
A 28 29
A 30 29
A 31 29

A 0 29
A 1 29
A 2 29
A 3 29
A 4 29
A 6 29
A 8 29
A 9 29
A 10 29
A 11 29
A 12 29
A 13 29
A 14 29
A 15 29
A 16 29
A 17 29
A 19 29
A 20 29
A 21 29
A 22 29
A 24 29
A 25 29
A 26 29
A 27 29
A 28 29
A 30 29
A 31 29

A 0 29
A 2 29
A 3 29
A 4 29
A 6 29
A 7 29
A 8 29
A 9 29
A 10 29
A 11 29
A 12 29
A 14 29
A 15 29
A 16 29
A 17 29
A 19 29
A 20 29
A 21 29
A 22 29
A 23 29
A 24 29
A 25 29
A 26 29
A 27 29
A 28 29
A 30 29
A 31 29



A 0 20
A 2 20
A 3 20
A 4 20
A 5 20
A 6 20
A 7 20
A 8 20
A 9 20
A 10 20
A 11 20
A 12 20
A 13 20
A 14 20
A 15 20
A 16 20
A 17 20
A 19 20
A 21 20
A 22 20
A 23 20
A 24 20
A 25 20
A 26 20
A 27 20
A 28 20
A 29 20
A 30 20
A 31 20

A 0 20
A 1 20
A 2 20
A 3 20
A 4 20
A 6 20
A 7 20
A 8 20
A 9 20
A 10 20
A 11 20
A 12 20
A 14 20
A 15 20
A 16 20
A 17 20
A 19 20
A 21 20
A 22 20
A 23 20
A 24 20
A 25 20
A 26 20
A 27 20
A 28 20
A 29 20
A 30 20
A 31 20

A 0 20
A 2 20
A 3 20
A 4 20
A 6 20
A 8 20
A 9 20
A 10 20
A 11 20
A 12 20
A 13 20
A 14 20
A 15 20
A 16 20
A 17 20
A 19 20
A 21 20
A 22 20
A 24 20
A 25 20
A 26 20
A 27 20
A 28 20
A 29 20
A 30 20
A 31 20

A 0 20
A 2 20
A 3 20
A 4 20
A 6 20
A 7 20
A 8 20
A 9 20
A 10 20
A 11 20
A 12 20
A 14 20
A 15 20
A 16 20
A 17 20
A 19 20
A 21 20
A 22 20
A 23 20
A 24 20
A 25 20
A 26 20
A 27 20
A 28 20
A 29 20
A 30 20
A 31 20

A 0 20
A 2 20
A 3 20
A 4 20
A 6 20
A 8 20
A 9 20
A 10 20
A 11 20
A 12 20
A 14 20
A 15 20
A 16 20
A 17 20
A 19 20
A 21 20
A 22 20
A 24 20
A 25 20
A 26 20
A 27 20
A 28 20
A 29 20
A 30 20
A 31 20






