U 200 200 cyan

A 17 29





A 17 29





A 17 29





A 17 29





A 17 29


A 29 20

A 29 20

A 29 20

A 17 20
A 29 20

A 29 20

A 29 20

A 29 20

A 29 20

A 17 20
A 29 20

A 29 20

A 29 20

A 29 20

A 29 20

A 17 20

A 29 20

A 20 19

A 20 19

A 20 19
A 29 19

A 17 19
A 20 19

A 20 19

A 20 19
A 29 19

A 20 19

A 20 19

A 17 19
A 20 19
A 29 19

A 20 19

A 20 19

A 20 19
A 29 19

A 19 9
A 20 27

A 17 18
A 19 9
A 20 27

A 19 9
A 20 27
A 29 27

A 19 9
A 20 27

A 19 9
A 20 27

A 19 9
A 20 27
A 29 27

A 17 18
A 19 9
A 20 27

A 19 9
A 20 9

A 19 9
A 20 9
A 29 9

A 19 9
A 20 9

A 19 9
A 20 9

A 17 18
A 19 9
A 20 9
A 29 9

A 19 9
A 20 9

A 19 9
A 20 9

A 19 9
A 20 9
A 29 9

A 19 9
A 20 9

A 17 18
A 19 9
A 20 9

A 19 9
A 20 9
A 29 9

A 19 9
A 20 9

A 19 5
A 20 5

A 19 5
A 20 5
A 29 5

A 17 18
A 19 5
A 20 5

A 19 5
A 20 5

A 19 5
A 20 5
A 29 5

A 19 5
A 20 5

A 19 5
A 20 5

A 17 18
A 19 7
A 20 18
A 29 18

A 19 7
A 20 18

A 19 7
A 20 18

A 19 7
A 20 18
A 29 18

A 19 7
A 20 18

A 17 18
A 19 7
A 20 18

A 19 7
A 20 18
A 29 18

A 19 7
A 20 18

A 19 7
A 20 18

A 19 7
A 20 18
A 29 18

A 17 18
A 19 7
A 20 18

A 19 7
A 20 18

A 19 7
A 20 18
A 29 18

A 19 7
A 20 18

A 19 7
A 20 18

A 17 18
A 19 7
A 20 18
A 29 18

A 19 7
A 20 18

A 19 7
A 20 18

A 19 7
A 20 18
A 29 18

A 19 7
A 20 18

A 17 18
A 19 7
A 20 18

A 19 7
A 20 18
A 29 18

A 19 7
A 20 18

A 19 9
A 20 9

A 20 9
A 29 9

A 17 9
A 20 9

A 20 9

A 20 9
A 29 9

A 20 9

A 20 9

A 17 9
A 20 9
A 29 9

A 20 9

A 20 9

A 20 9
A 29 9

A 20 9

A 17 9
A 20 9

A 20 9
A 29 9

A 20 9

A 18 7
A 20 9

A 18 7
A 20 9
A 29 9

A 17 9
A 18 7
A 20 9

A 7 6
A 18 5
A 20 9

A 18 5
A 20 9
A 29 9

A 18 5
A 20 9

A 18 5
A 20 9

A 17 9
A 18 5
A 20 9
A 29 9

A 18 5
A 20 9

A 18 19
A 20 19

A 18 19
A 29 19

A 18 19

A 17 19
A 18 19

A 18 19
A 29 19

A 18 19

A 18 19

A 9 5
A 18 19
A 29 19

A 9 5
A 17 19
A 18 19

A 9 5
A 18 19

A 9 5
A 18 19

A 18 19

A 18 19

A 18 19

A 5 12
A 18 19

A 5 12
A 18 19

A 18 19

A 18 19

A 18 19

A 18 17

A 18 17

A 18 17

A 18 17

A 18 17

A 18 17

A 18 17

A 18 17

A 18 17

A 18 17

A 18 17
A 19 17

A 18 17
A 19 17

A 18 17
A 19 17

A 18 17
A 19 17

A 18 17
A 19 17

A 18 17

A 18 17

A 18 29

A 18 20

A 18 20

A 18 20

A 18 20

A 18 20

A 18 20

A 18 20

A 18 20

A 18 17

A 18 17

A 18 17

A 18 17

A 18 17

A 17 29
A 18 29

A 17 26
A 18 7

A 17 24
A 18 7

A 17 24
A 18 7

A 17 24
A 18 7

A 17 20
A 18 20

A 17 20
A 18 20

A 17 20
A 18 20

A 17 20
A 18 20

A 17 20
A 18 20

A 17 29
A 18 19

A 17 29
A 18 19

A 18 19

A 18 19
A 20 29

A 18 19
A 20 29

A 18 19

A 18 19

A 18 19

A 18 19

A 18 17

A 18 17

A 18 17

A 18 17

A 18 17

A 18 17

A 18 19

A 18 19

A 18 17

A 18 17

A 18 17

A 18 17

A 18 17

A 18 17

A 18 17

A 18 17
A 29 20

A 18 17

A 18 17

A 7 6
A 18 17

A 7 6
A 18 17

A 18 17

A 18 17

A 18 17

A 18 17
A 19 20

A 18 17

A 18 17

A 18 17

A 17 29
A 18 20

A 17 29
A 18 20

A 17 29
A 18 20

A 18 20

A 18 20

A 18 20

A 18 20

A 18 20

A 18 17

A 18 17

A 18 17

A 18 17

A 18 17

A 18 17

A 18 17

A 18 17

A 18 17

A 18 19

A 18 19

A 18 17

A 18 17

A 18 17

A 18 17

A 18 17

A 18 17

A 18 17

A 18 17

A 18 17

A 18 17

A 18 17

A 18 17

A 18 19

A 18 19

A 18 19

A 18 19

A 18 19

A 18 19

A 18 19

A 18 19

A 18 19

A 18 19

A 18 19

A 18 16

A 18 16

A 18 16

A 18 16

A 18 16

A 18 16

A 18 29

A 18 29

A 18 29

A 18 29

A 18 29

A 18 29

A 18 20

A 18 20

A 18 20

A 18 20

A 18 20

A 18 20

A 18 20

A 18 17

A 18 17

A 18 17

A 18 17

A 18 17

A 18 17

A 18 17

A 18 17


A 18 29

A 18 29

A 18 29

A 18 29

A 18 29



A 18 20

A 18 20

A 18 20

A 18 20

A 18 20






